<?xml version="1.0" encoding="UTF-8"?>
<coverage generated="1602061522814" clover="3.2.0">
  <project timestamp="1602061522815" name="All files">
    <metrics statements="72" coveredstatements="72" conditionals="43" coveredconditionals="38" methods="6" coveredmethods="6" elements="121" coveredelements="116" complexity="0" loc="72" ncloc="72" packages="1" files="1" classes="1"/>
    <file name="calculator.ts" path="/home/vova/Documents/web/react-native/calculator-js/src/calculator.ts">
      <metrics statements="72" coveredstatements="72" conditionals="43" coveredconditionals="38" methods="6" coveredmethods="6"/>
      <line num="32" count="27" type="stmt"/>
      <line num="33" count="27" type="stmt"/>
      <line num="34" count="27" type="stmt"/>
      <line num="35" count="27" type="stmt"/>
      <line num="36" count="27" type="stmt"/>
      <line num="37" count="27" type="stmt"/>
      <line num="39" count="27" type="stmt"/>
      <line num="40" count="27" type="stmt"/>
      <line num="41" count="27" type="stmt"/>
      <line num="42" count="27" type="stmt"/>
      <line num="46" count="44" type="cond" truecount="2" falsecount="0"/>
      <line num="47" count="6" type="cond" truecount="2" falsecount="0"/>
      <line num="48" count="4" type="cond" truecount="2" falsecount="0"/>
      <line num="49" count="1" type="stmt"/>
      <line num="52" count="42" type="stmt"/>
      <line num="56" count="18" type="cond" truecount="2" falsecount="0"/>
      <line num="57" count="18" type="cond" truecount="1" falsecount="1"/>
      <line num="58" count="18" type="stmt"/>
      <line num="59" count="18" type="stmt"/>
      <line num="60" count="18" type="stmt"/>
      <line num="64" count="24" type="stmt"/>
      <line num="65" count="48" type="stmt"/>
      <line num="66" count="48" type="cond" truecount="2" falsecount="0"/>
      <line num="67" count="17" type="stmt"/>
      <line num="69" count="24" type="stmt"/>
      <line num="70" count="24" type="stmt"/>
      <line num="71" count="24" type="cond" truecount="5" falsecount="0"/>
      <line num="73" count="3" type="cond" truecount="1" falsecount="1"/>
      <line num="76" count="3" type="stmt"/>
      <line num="78" count="1" type="cond" truecount="1" falsecount="1"/>
      <line num="81" count="1" type="stmt"/>
      <line num="83" count="1" type="cond" truecount="1" falsecount="1"/>
      <line num="86" count="1" type="stmt"/>
      <line num="88" count="2" type="cond" truecount="2" falsecount="0"/>
      <line num="89" count="1" type="stmt"/>
      <line num="90" count="1" type="stmt"/>
      <line num="92" count="1" type="cond" truecount="1" falsecount="1"/>
      <line num="95" count="1" type="stmt"/>
      <line num="97" count="17" type="stmt"/>
      <line num="99" count="6" type="stmt"/>
      <line num="100" count="6" type="stmt"/>
      <line num="104" count="59" type="cond" truecount="14" falsecount="0"/>
      <line num="106" count="1" type="stmt"/>
      <line num="107" count="1" type="stmt"/>
      <line num="108" count="1" type="stmt"/>
      <line num="109" count="1" type="stmt"/>
      <line num="110" count="1" type="stmt"/>
      <line num="112" count="2" type="stmt"/>
      <line num="113" count="2" type="stmt"/>
      <line num="118" count="1" type="stmt"/>
      <line num="119" count="1" type="stmt"/>
      <line num="121" count="3" type="stmt"/>
      <line num="122" count="3" type="stmt"/>
      <line num="124" count="1" type="stmt"/>
      <line num="125" count="1" type="stmt"/>
      <line num="127" count="6" type="stmt"/>
      <line num="128" count="6" type="stmt"/>
      <line num="130" count="2" type="stmt"/>
      <line num="131" count="2" type="stmt"/>
      <line num="133" count="2" type="stmt"/>
      <line num="134" count="2" type="stmt"/>
      <line num="136" count="3" type="stmt"/>
      <line num="137" count="3" type="stmt"/>
      <line num="139" count="1" type="stmt"/>
      <line num="140" count="1" type="stmt"/>
      <line num="142" count="27" type="cond" truecount="2" falsecount="0"/>
      <line num="143" count="27" type="stmt"/>
      <line num="145" count="3" type="stmt"/>
      <line num="146" count="3" type="stmt"/>
      <line num="148" count="6" type="stmt"/>
      <line num="149" count="6" type="stmt"/>
      <line num="151" count="1" type="stmt"/>
    </file>
  </project>
</coverage>
