{"/home/vova/Documents/web/react-native/calculator-js/src/calculator.ts": {"path":"/home/vova/Documents/web/react-native/calculator-js/src/calculator.ts","statementMap":{"0":{"start":{"line":32,"column":4},"end":{"line":32,"column":30}},"1":{"start":{"line":33,"column":4},"end":{"line":33,"column":29}},"2":{"start":{"line":34,"column":4},"end":{"line":34,"column":31}},"3":{"start":{"line":35,"column":4},"end":{"line":35,"column":25}},"4":{"start":{"line":36,"column":4},"end":{"line":36,"column":20}},"5":{"start":{"line":37,"column":4},"end":{"line":37,"column":20}},"6":{"start":{"line":39,"column":4},"end":{"line":39,"column":53}},"7":{"start":{"line":40,"column":4},"end":{"line":40,"column":53}},"8":{"start":{"line":41,"column":4},"end":{"line":41,"column":43}},"9":{"start":{"line":42,"column":4},"end":{"line":42,"column":45}},"10":{"start":{"line":46,"column":4},"end":{"line":51,"column":5}},"11":{"start":{"line":47,"column":6},"end":{"line":47,"column":52}},"12":{"start":{"line":47,"column":45},"end":{"line":47,"column":52}},"13":{"start":{"line":48,"column":6},"end":{"line":50,"column":7}},"14":{"start":{"line":49,"column":8},"end":{"line":49,"column":34}},"15":{"start":{"line":52,"column":4},"end":{"line":52,"column":55}},"16":{"start":{"line":56,"column":4},"end":{"line":56,"column":62}},"17":{"start":{"line":56,"column":36},"end":{"line":56,"column":62}},"18":{"start":{"line":57,"column":4},"end":{"line":57,"column":51}},"19":{"start":{"line":57,"column":36},"end":{"line":57,"column":51}},"20":{"start":{"line":58,"column":4},"end":{"line":58,"column":47}},"21":{"start":{"line":59,"column":4},"end":{"line":59,"column":29}},"22":{"start":{"line":60,"column":4},"end":{"line":60,"column":31}},"23":{"start":{"line":64,"column":25},"end":{"line":68,"column":5}},"24":{"start":{"line":65,"column":21},"end":{"line":65,"column":36}},"25":{"start":{"line":66,"column":6},"end":{"line":66,"column":40}},"26":{"start":{"line":66,"column":26},"end":{"line":66,"column":40}},"27":{"start":{"line":67,"column":6},"end":{"line":67,"column":15}},"28":{"start":{"line":69,"column":28},"end":{"line":69,"column":62}},"29":{"start":{"line":70,"column":27},"end":{"line":70,"column":60}},"30":{"start":{"line":71,"column":4},"end":{"line":98,"column":5}},"31":{"start":{"line":73,"column":8},"end":{"line":75,"column":45}},"32":{"start":{"line":76,"column":8},"end":{"line":76,"column":14}},"33":{"start":{"line":78,"column":8},"end":{"line":80,"column":45}},"34":{"start":{"line":81,"column":8},"end":{"line":81,"column":14}},"35":{"start":{"line":83,"column":8},"end":{"line":85,"column":45}},"36":{"start":{"line":86,"column":8},"end":{"line":86,"column":14}},"37":{"start":{"line":88,"column":8},"end":{"line":91,"column":9}},"38":{"start":{"line":89,"column":10},"end":{"line":89,"column":51}},"39":{"start":{"line":90,"column":10},"end":{"line":90,"column":17}},"40":{"start":{"line":92,"column":8},"end":{"line":94,"column":45}},"41":{"start":{"line":95,"column":8},"end":{"line":95,"column":14}},"42":{"start":{"line":97,"column":8},"end":{"line":97,"column":15}},"43":{"start":{"line":99,"column":4},"end":{"line":99,"column":46}},"44":{"start":{"line":100,"column":4},"end":{"line":100,"column":31}},"45":{"start":{"line":104,"column":4},"end":{"line":152,"column":5}},"46":{"start":{"line":106,"column":8},"end":{"line":106,"column":34}},"47":{"start":{"line":107,"column":8},"end":{"line":107,"column":33}},"48":{"start":{"line":108,"column":8},"end":{"line":108,"column":35}},"49":{"start":{"line":109,"column":8},"end":{"line":109,"column":24}},"50":{"start":{"line":110,"column":8},"end":{"line":110,"column":14}},"51":{"start":{"line":112,"column":8},"end":{"line":112,"column":67}},"52":{"start":{"line":113,"column":8},"end":{"line":113,"column":14}},"53":{"start":{"line":118,"column":8},"end":{"line":118,"column":24}},"54":{"start":{"line":119,"column":8},"end":{"line":119,"column":14}},"55":{"start":{"line":121,"column":8},"end":{"line":121,"column":51}},"56":{"start":{"line":122,"column":8},"end":{"line":122,"column":14}},"57":{"start":{"line":124,"column":8},"end":{"line":124,"column":51}},"58":{"start":{"line":125,"column":8},"end":{"line":125,"column":14}},"59":{"start":{"line":127,"column":8},"end":{"line":127,"column":31}},"60":{"start":{"line":128,"column":8},"end":{"line":128,"column":14}},"61":{"start":{"line":130,"column":8},"end":{"line":130,"column":31}},"62":{"start":{"line":131,"column":8},"end":{"line":131,"column":14}},"63":{"start":{"line":133,"column":8},"end":{"line":133,"column":31}},"64":{"start":{"line":134,"column":8},"end":{"line":134,"column":14}},"65":{"start":{"line":136,"column":8},"end":{"line":136,"column":31}},"66":{"start":{"line":137,"column":8},"end":{"line":137,"column":14}},"67":{"start":{"line":139,"column":8},"end":{"line":139,"column":28}},"68":{"start":{"line":140,"column":8},"end":{"line":140,"column":14}},"69":{"start":{"line":142,"column":8},"end":{"line":142,"column":56}},"70":{"start":{"line":143,"column":8},"end":{"line":143,"column":14}},"71":{"start":{"line":145,"column":8},"end":{"line":145,"column":31}},"72":{"start":{"line":146,"column":8},"end":{"line":146,"column":14}},"73":{"start":{"line":148,"column":8},"end":{"line":148,"column":23}},"74":{"start":{"line":149,"column":8},"end":{"line":149,"column":14}},"75":{"start":{"line":151,"column":8},"end":{"line":151,"column":15}}},"fnMap":{"0":{"name":"(anonymous_0)","decl":{"start":{"line":31,"column":2},"end":{"line":31,"column":3}},"loc":{"start":{"line":31,"column":16},"end":{"line":43,"column":3}},"line":31},"1":{"name":"(anonymous_1)","decl":{"start":{"line":45,"column":2},"end":{"line":45,"column":3}},"loc":{"start":{"line":45,"column":31},"end":{"line":53,"column":3}},"line":45},"2":{"name":"(anonymous_2)","decl":{"start":{"line":55,"column":2},"end":{"line":55,"column":3}},"loc":{"start":{"line":55,"column":39},"end":{"line":61,"column":3}},"line":55},"3":{"name":"(anonymous_3)","decl":{"start":{"line":63,"column":2},"end":{"line":63,"column":3}},"loc":{"start":{"line":63,"column":12},"end":{"line":101,"column":3}},"line":63},"4":{"name":"(anonymous_4)","decl":{"start":{"line":64,"column":25},"end":{"line":64,"column":26}},"loc":{"start":{"line":64,"column":42},"end":{"line":68,"column":5}},"line":64},"5":{"name":"(anonymous_5)","decl":{"start":{"line":103,"column":2},"end":{"line":103,"column":3}},"loc":{"start":{"line":103,"column":28},"end":{"line":153,"column":3}},"line":103}},"branchMap":{"0":{"loc":{"start":{"line":46,"column":4},"end":{"line":51,"column":5}},"type":"if","locations":[{"start":{"line":46,"column":4},"end":{"line":51,"column":5}},{"start":{"line":46,"column":4},"end":{"line":51,"column":5}}],"line":46},"1":{"loc":{"start":{"line":47,"column":6},"end":{"line":47,"column":52}},"type":"if","locations":[{"start":{"line":47,"column":6},"end":{"line":47,"column":52}},{"start":{"line":47,"column":6},"end":{"line":47,"column":52}}],"line":47},"2":{"loc":{"start":{"line":48,"column":6},"end":{"line":50,"column":7}},"type":"if","locations":[{"start":{"line":48,"column":6},"end":{"line":50,"column":7}},{"start":{"line":48,"column":6},"end":{"line":50,"column":7}}],"line":48},"3":{"loc":{"start":{"line":56,"column":4},"end":{"line":56,"column":62}},"type":"if","locations":[{"start":{"line":56,"column":4},"end":{"line":56,"column":62}},{"start":{"line":56,"column":4},"end":{"line":56,"column":62}}],"line":56},"4":{"loc":{"start":{"line":57,"column":4},"end":{"line":57,"column":51}},"type":"if","locations":[{"start":{"line":57,"column":4},"end":{"line":57,"column":51}},{"start":{"line":57,"column":4},"end":{"line":57,"column":51}}],"line":57},"5":{"loc":{"start":{"line":66,"column":6},"end":{"line":66,"column":40}},"type":"if","locations":[{"start":{"line":66,"column":6},"end":{"line":66,"column":40}},{"start":{"line":66,"column":6},"end":{"line":66,"column":40}}],"line":66},"6":{"loc":{"start":{"line":71,"column":4},"end":{"line":98,"column":5}},"type":"switch","locations":[{"start":{"line":72,"column":6},"end":{"line":76,"column":14}},{"start":{"line":77,"column":6},"end":{"line":81,"column":14}},{"start":{"line":82,"column":6},"end":{"line":86,"column":14}},{"start":{"line":87,"column":6},"end":{"line":95,"column":14}},{"start":{"line":96,"column":6},"end":{"line":97,"column":15}}],"line":71},"7":{"loc":{"start":{"line":73,"column":22},"end":{"line":75,"column":44}},"type":"cond-expr","locations":[{"start":{"line":74,"column":12},"end":{"line":74,"column":69}},{"start":{"line":75,"column":12},"end":{"line":75,"column":44}}],"line":73},"8":{"loc":{"start":{"line":78,"column":22},"end":{"line":80,"column":44}},"type":"cond-expr","locations":[{"start":{"line":79,"column":12},"end":{"line":79,"column":69}},{"start":{"line":80,"column":12},"end":{"line":80,"column":44}}],"line":78},"9":{"loc":{"start":{"line":83,"column":22},"end":{"line":85,"column":44}},"type":"cond-expr","locations":[{"start":{"line":84,"column":12},"end":{"line":84,"column":51}},{"start":{"line":85,"column":12},"end":{"line":85,"column":44}}],"line":83},"10":{"loc":{"start":{"line":88,"column":8},"end":{"line":91,"column":9}},"type":"if","locations":[{"start":{"line":88,"column":8},"end":{"line":91,"column":9}},{"start":{"line":88,"column":8},"end":{"line":91,"column":9}}],"line":88},"11":{"loc":{"start":{"line":92,"column":22},"end":{"line":94,"column":44}},"type":"cond-expr","locations":[{"start":{"line":93,"column":12},"end":{"line":93,"column":52}},{"start":{"line":94,"column":12},"end":{"line":94,"column":44}}],"line":92},"12":{"loc":{"start":{"line":104,"column":4},"end":{"line":152,"column":5}},"type":"switch","locations":[{"start":{"line":105,"column":6},"end":{"line":110,"column":14}},{"start":{"line":111,"column":6},"end":{"line":113,"column":14}},{"start":{"line":117,"column":6},"end":{"line":119,"column":14}},{"start":{"line":120,"column":6},"end":{"line":122,"column":14}},{"start":{"line":123,"column":6},"end":{"line":125,"column":14}},{"start":{"line":126,"column":6},"end":{"line":128,"column":14}},{"start":{"line":129,"column":6},"end":{"line":131,"column":14}},{"start":{"line":132,"column":6},"end":{"line":134,"column":14}},{"start":{"line":135,"column":6},"end":{"line":137,"column":14}},{"start":{"line":138,"column":6},"end":{"line":140,"column":14}},{"start":{"line":141,"column":6},"end":{"line":143,"column":14}},{"start":{"line":144,"column":6},"end":{"line":146,"column":14}},{"start":{"line":147,"column":6},"end":{"line":149,"column":14}},{"start":{"line":150,"column":6},"end":{"line":151,"column":15}}],"line":104},"13":{"loc":{"start":{"line":142,"column":8},"end":{"line":142,"column":55}},"type":"binary-expr","locations":[{"start":{"line":142,"column":8},"end":{"line":142,"column":20}},{"start":{"line":142,"column":24},"end":{"line":142,"column":55}}],"line":142}},"s":{"0":27,"1":27,"2":27,"3":27,"4":27,"5":27,"6":27,"7":27,"8":27,"9":27,"10":44,"11":6,"12":2,"13":4,"14":1,"15":42,"16":18,"17":5,"18":18,"19":18,"20":18,"21":18,"22":18,"23":24,"24":48,"25":48,"26":31,"27":17,"28":24,"29":24,"30":24,"31":3,"32":3,"33":1,"34":1,"35":1,"36":1,"37":2,"38":1,"39":1,"40":1,"41":1,"42":17,"43":6,"44":6,"45":59,"46":1,"47":1,"48":1,"49":1,"50":1,"51":2,"52":2,"53":1,"54":1,"55":3,"56":3,"57":1,"58":1,"59":6,"60":6,"61":2,"62":2,"63":2,"64":2,"65":3,"66":3,"67":1,"68":1,"69":27,"70":27,"71":3,"72":3,"73":6,"74":6,"75":1},"f":{"0":27,"1":44,"2":18,"3":24,"4":48,"5":59},"b":{"0":[6,38],"1":[2,4],"2":[1,3],"3":[5,13],"4":[18,0],"5":[31,17],"6":[3,1,1,2,17],"7":[0,3],"8":[0,1],"9":[0,1],"10":[1,1],"11":[0,1],"12":[1,2,1,3,1,6,2,2,3,1,27,3,6,1],"13":[27,27]},"_coverageSchema":"1a1c01bbd47fc00a2c39e90264f33305004495a9","hash":"fe4c4d7f9275d90a4e6de3a5cf2e0f372315db80"}
}
