TN:
SF:src/calculator.ts
FN:31,(anonymous_0)
FN:45,(anonymous_1)
FN:55,(anonymous_2)
FN:63,(anonymous_3)
FN:64,(anonymous_4)
FN:103,(anonymous_5)
FNF:6
FNH:6
FNDA:27,(anonymous_0)
FNDA:44,(anonymous_1)
FNDA:18,(anonymous_2)
FNDA:24,(anonymous_3)
FNDA:48,(anonymous_4)
FNDA:59,(anonymous_5)
DA:32,27
DA:33,27
DA:34,27
DA:35,27
DA:36,27
DA:37,27
DA:39,27
DA:40,27
DA:41,27
DA:42,27
DA:46,44
DA:47,6
DA:48,4
DA:49,1
DA:52,42
DA:56,18
DA:57,18
DA:58,18
DA:59,18
DA:60,18
DA:64,24
DA:65,48
DA:66,48
DA:67,17
DA:69,24
DA:70,24
DA:71,24
DA:73,3
DA:76,3
DA:78,1
DA:81,1
DA:83,1
DA:86,1
DA:88,2
DA:89,1
DA:90,1
DA:92,1
DA:95,1
DA:97,17
DA:99,6
DA:100,6
DA:104,59
DA:106,1
DA:107,1
DA:108,1
DA:109,1
DA:110,1
DA:112,2
DA:113,2
DA:118,1
DA:119,1
DA:121,3
DA:122,3
DA:124,1
DA:125,1
DA:127,6
DA:128,6
DA:130,2
DA:131,2
DA:133,2
DA:134,2
DA:136,3
DA:137,3
DA:139,1
DA:140,1
DA:142,27
DA:143,27
DA:145,3
DA:146,3
DA:148,6
DA:149,6
DA:151,1
LF:72
LH:72
BRDA:46,0,0,6
BRDA:46,0,1,38
BRDA:47,1,0,2
BRDA:47,1,1,4
BRDA:48,2,0,1
BRDA:48,2,1,3
BRDA:56,3,0,5
BRDA:56,3,1,13
BRDA:57,4,0,18
BRDA:57,4,1,0
BRDA:66,5,0,31
BRDA:66,5,1,17
BRDA:71,6,0,3
BRDA:71,6,1,1
BRDA:71,6,2,1
BRDA:71,6,3,2
BRDA:71,6,4,17
BRDA:73,7,0,0
BRDA:73,7,1,3
BRDA:78,8,0,0
BRDA:78,8,1,1
BRDA:83,9,0,0
BRDA:83,9,1,1
BRDA:88,10,0,1
BRDA:88,10,1,1
BRDA:92,11,0,0
BRDA:92,11,1,1
BRDA:104,12,0,1
BRDA:104,12,1,2
BRDA:104,12,2,1
BRDA:104,12,3,3
BRDA:104,12,4,1
BRDA:104,12,5,6
BRDA:104,12,6,2
BRDA:104,12,7,2
BRDA:104,12,8,3
BRDA:104,12,9,1
BRDA:104,12,10,27
BRDA:104,12,11,3
BRDA:104,12,12,6
BRDA:104,12,13,1
BRDA:142,13,0,27
BRDA:142,13,1,27
BRF:43
BRH:38
end_of_record
